
  .   ____          _            __ _ _
 /\\ / ___'_ __ _ _(_)_ __  __ _ \ \ \ \
( ( )\___ | '_ | '_| | '_ \/ _` | \ \ \ \
 \\/  ___)| |_)| | | | | || (_| |  ) ) ) )
  '  |____| .__|_| |_|_| |_\__, | / / / /
 =========|_|==============|___/=/_/_/_/

 :: Spring Boot ::                (v3.3.4)

2024-10-16T17:59:58.568+09:00  INFO 2717591 --- [greeting] [           main] s.samdul.greeting.GreetingApplication    : Starting GreetingApplication v0.0.1-SNAPSHOT using Java 17.0.12 with PID 2717591 (/home/centa/code/java/greeting/build/libs/greeting-0.0.1-SNAPSHOT.jar started by centa in /home/centa/code/java/greeting)
2024-10-16T17:59:58.572+09:00  INFO 2717591 --- [greeting] [           main] s.samdul.greeting.GreetingApplication    : No active profile set, falling back to 1 default profile: "default"
2024-10-16T17:59:59.397+09:00  INFO 2717591 --- [greeting] [           main] o.s.b.w.embedded.tomcat.TomcatWebServer  : Tomcat initialized with port 8080 (http)
2024-10-16T17:59:59.413+09:00  INFO 2717591 --- [greeting] [           main] o.apache.catalina.core.StandardService   : Starting service [Tomcat]
2024-10-16T17:59:59.413+09:00  INFO 2717591 --- [greeting] [           main] o.apache.catalina.core.StandardEngine    : Starting Servlet engine: [Apache Tomcat/10.1.30]
2024-10-16T17:59:59.463+09:00  INFO 2717591 --- [greeting] [           main] o.a.c.c.C.[Tomcat].[localhost].[/]       : Initializing Spring embedded WebApplicationContext
2024-10-16T17:59:59.464+09:00  INFO 2717591 --- [greeting] [           main] w.s.c.ServletWebServerApplicationContext : Root WebApplicationContext: initialization completed in 845 ms
2024-10-16T17:59:59.558+09:00  INFO 2717591 --- [greeting] [           main] o.s.b.a.w.s.WelcomePageHandlerMapping    : Adding welcome page: class path resource [static/index.html]
2024-10-16T17:59:59.791+09:00  INFO 2717591 --- [greeting] [           main] o.s.b.w.embedded.tomcat.TomcatWebServer  : Tomcat started on port 8080 (http) with context path '/'
2024-10-16T17:59:59.803+09:00  INFO 2717591 --- [greeting] [           main] s.samdul.greeting.GreetingApplication    : Started GreetingApplication in 1.569 seconds (process running for 1.972)
2024-10-16T18:00:14.795+09:00  INFO 2717591 --- [greeting] [nio-8080-exec-1] o.a.c.c.C.[Tomcat].[localhost].[/]       : Initializing Spring DispatcherServlet 'dispatcherServlet'
2024-10-16T18:00:14.796+09:00  INFO 2717591 --- [greeting] [nio-8080-exec-1] o.s.web.servlet.DispatcherServlet        : Initializing Servlet 'dispatcherServlet'
2024-10-16T18:00:14.799+09:00  INFO 2717591 --- [greeting] [nio-8080-exec-1] o.s.web.servlet.DispatcherServlet        : Completed initialization in 2 ms
